  main.cpp
f:\progi\sfml\sfml\level.h(60): warning C4244: return: преобразование "double" в "float", возможна потеря данных
f:\progi\sfml\sfml\level.h(144): warning C4244: инициализация: преобразование "double" в "float", возможна потеря данных
f:\progi\sfml\sfml\level.h(145): warning C4244: =: преобразование "float" в "int", возможна потеря данных
f:\progi\sfml\sfml\level.h(185): warning C4244: аргумент: преобразование "int" в "float", возможна потеря данных
f:\progi\sfml\sfml\level.h(242): warning C4244: аргумент: преобразование "int" в "float", возможна потеря данных
f:\progi\sfml\sfml\level.h(263): warning C4244: =: преобразование "int" в "T", возможна потеря данных
          with
          [
              T=float
          ]
f:\progi\sfml\sfml\level.h(264): warning C4244: =: преобразование "int" в "T", возможна потеря данных
          with
          [
              T=float
          ]
f:\progi\sfml\sfml\level.h(265): warning C4244: =: преобразование "int" в "T", возможна потеря данных
          with
          [
              T=float
          ]
f:\progi\sfml\sfml\level.h(266): warning C4244: =: преобразование "int" в "T", возможна потеря данных
          with
          [
              T=float
          ]
f:\progi\sfml\sfml\level.h(309): warning C4018: <: несоответствие типов со знаком и без знака
f:\progi\sfml\sfml\level.h(318): warning C4018: <: несоответствие типов со знаком и без знака
f:\progi\sfml\sfml\level.h(340): warning C4018: <: несоответствие типов со знаком и без знака
f:\progi\sfml\sfml\level.h(341): warning C4018: <: несоответствие типов со знаком и без знака
f:\progi\sfml\sfml\main.cpp(31): warning C4244: аргумент: преобразование "int" в "float", возможна потеря данных
f:\progi\sfml\sfml\main.cpp(35): warning C4244: аргумент: преобразование "int" в "T", возможна потеря данных
          with
          [
              T=float
          ]
f:\progi\sfml\sfml\main.cpp(54): warning C4551: в вызове функции отсутствует список аргументов
f:\progi\sfml\sfml\main.cpp(56): warning C4305: =: усечение из "double" в "float"
f:\progi\sfml\sfml\main.cpp(59): warning C4305: =: усечение из "double" в "float"
f:\progi\sfml\sfml\main.cpp(63): warning C4305: =: усечение из "double" в "float"
f:\progi\sfml\sfml\main.cpp(74): warning C4018: <: несоответствие типов со знаком и без знака
f:\progi\sfml\sfml\main.cpp(81): warning C4305: =: усечение из "double" в "float"
f:\progi\sfml\sfml\main.cpp(82): warning C4305: =: усечение из "double" в "float"
f:\progi\sfml\sfml\main.cpp(108): warning C4244: =: преобразование "double" в "float", возможна потеря данных
f:\progi\sfml\sfml\main.cpp(119): warning C4305: =: усечение из "double" в "float"
f:\progi\sfml\sfml\main.cpp(125): warning C4018: <: несоответствие типов со знаком и без знака
f:\progi\sfml\sfml\main.cpp(131): warning C4305: =: усечение из "double" в "float"
f:\progi\sfml\sfml\main.cpp(132): warning C4305: =: усечение из "double" в "float"
f:\progi\sfml\sfml\main.cpp(175): warning C4244: инициализация: преобразование "sf::Int64" в "float", возможна потеря данных
  Создание кода
  1 of 798 functions ( 0.1%) were compiled, the rest were copied from previous compilation.
    0 functions were new in current compilation
    0 functions had inline decision re-evaluated but remain unchanged
  Создание кода завершено
  sfml.vcxproj -> F:\progi\sfml\Release\sfml.exe
